<?xml version="1.0" encoding="UTF-8"?>
<testng-results skipped="0" failed="0" ignored="0" total="1" passed="1">
  <reporter-output>
    <line>
      <![CDATA[my test run]]>
    </line>
  </reporter-output>
  <suite name="Default suite" duration-ms="147" started-at="2020-07-04T14:51:15 IST" finished-at="2020-07-04T14:51:15 IST">
    <groups>
    </groups>
    <test name="Default test" duration-ms="147" started-at="2020-07-04T14:51:15 IST" finished-at="2020-07-04T14:51:15 IST">
      <class name="actiTIME.Demo">
        <test-method status="PASS" signature="run()[pri:0, instance:actiTIME.Demo@4bbfb90a]" name="run" duration-ms="26" started-at="2020-07-04T14:51:15 IST" finished-at="2020-07-04T14:51:15 IST">
          <reporter-output>
            <line>
              <![CDATA[my test run]]>
            </line>
          </reporter-output>
        </test-method> <!-- run -->
      </class> <!-- actiTIME.Demo -->
    </test> <!-- Default test -->
  </suite> <!-- Default suite -->
</testng-results>
